2017-11-12 17:11:28,680 : summit_app.py:14:raise_request() -	INFO - *************** Start logging for new request for raise_request method ***************
2017-11-12 17:11:28,680 : summit_app.py:15:raise_request() -	INFO - Request receied with following request body
2017-11-12 17:11:28,681 : summit_app.py:16:raise_request() -	INFO - None
2017-11-12 17:12:24,661 : summit_app.py:14:raise_request() -	INFO - *************** Start logging for new request for raise_request method ***************
2017-11-12 17:12:24,661 : summit_app.py:15:raise_request() -	INFO - Request receied with following request body
2017-11-12 17:12:24,661 : summit_app.py:16:raise_request() -	INFO - <Request 'http://127.0.0.1:8080/raise_request' [POST]>
2017-11-12 17:26:48,062 : summit_app.py:14:raise_request() -	INFO - *************** Start logging for new request for raise_request method ***************
2017-11-12 17:26:48,062 : summit_app.py:15:raise_request() -	INFO - Request receied with following request body
2017-11-12 17:26:48,062 : summit_app.py:16:raise_request() -	INFO - <Request 'http://127.0.0.1:8080/raise_request' [POST]>
2017-11-12 17:27:46,535 : summit_app.py:14:raise_request() -	INFO - *************** Start logging for new request for raise_request method ***************
2017-11-12 17:27:46,535 : summit_app.py:15:raise_request() -	INFO - Request receied with following request body
2017-11-12 17:27:46,535 : summit_app.py:16:raise_request() -	INFO - <Request 'http://127.0.0.1:8080/raise_request' [POST]>
2017-11-12 17:27:59,760 : summit_app.py:14:raise_request() -	INFO - *************** Start logging for new request for raise_request method ***************
2017-11-12 17:27:59,760 : summit_app.py:15:raise_request() -	INFO - Request receied with following request body
2017-11-12 17:27:59,760 : summit_app.py:16:raise_request() -	INFO - <Request 'http://127.0.0.1:8080/raise_request' [POST]>
2017-11-12 17:33:30,904 : summit_app.py:14:raise_request() -	INFO - *************** Start logging for new request for raise_request method ***************
2017-11-12 17:33:30,904 : summit_app.py:15:raise_request() -	INFO - Request receied with following request body
2017-11-12 17:33:30,904 : summit_app.py:16:raise_request() -	INFO - <Request 'http://127.0.0.1:8080/raise_request' [POST]>
2017-11-12 17:33:30,937 : summit_app.py:20:raise_request() -	INFO - *************** end logging for raise_request method ***************
2017-11-12 17:35:16,571 : summit_app.py:14:raise_request() -	INFO - *************** Start logging for new request for raise_request method ***************
2017-11-12 17:35:16,571 : summit_app.py:15:raise_request() -	INFO - Request receied with following request body
2017-11-12 17:35:16,571 : summit_app.py:16:raise_request() -	INFO - <Request 'http://127.0.0.1:8080/raise_request' [POST]>
2017-11-12 17:35:54,526 : summit_app.py:14:raise_request() -	INFO - *************** Start logging for new request for raise_request method ***************
2017-11-12 17:35:54,526 : summit_app.py:15:raise_request() -	INFO - Request receied with following request body
2017-11-12 17:35:54,526 : summit_app.py:16:raise_request() -	INFO - <Request 'http://127.0.0.1:8080/raise_request' [POST]>
2017-11-12 17:36:06,476 : summit_app.py:14:raise_request() -	INFO - *************** Start logging for new request for raise_request method ***************
2017-11-12 17:36:06,476 : summit_app.py:15:raise_request() -	INFO - Request receied with following request body
2017-11-12 17:36:06,476 : summit_app.py:16:raise_request() -	INFO - <Request 'http://127.0.0.1:8080/raise_request' [POST]>
2017-11-12 17:36:30,154 : summit_app.py:14:raise_request() -	INFO - *************** Start logging for new request for raise_request method ***************
2017-11-12 17:36:30,154 : summit_app.py:15:raise_request() -	INFO - Request receied with following request body
2017-11-12 17:36:30,155 : summit_app.py:16:raise_request() -	INFO - <Request 'http://127.0.0.1:8080/raise_request' [POST]>
2017-11-12 17:37:16,562 : summit_app.py:14:raise_request() -	INFO - *************** Start logging for new request for raise_request method ***************
2017-11-12 17:37:16,562 : summit_app.py:15:raise_request() -	INFO - Request receied with following request body
2017-11-12 17:38:00,020 : summit_app.py:14:raise_request() -	INFO - *************** Start logging for new request for raise_request method ***************
2017-11-12 17:38:00,020 : summit_app.py:15:raise_request() -	INFO - Request receied with following request body
2017-11-12 17:38:25,778 : summit_app.py:14:raise_request() -	INFO - *************** Start logging for new request for raise_request method ***************
2017-11-12 17:38:25,778 : summit_app.py:15:raise_request() -	INFO - Request receied with following request body
2017-11-12 17:38:37,798 : summit_app.py:14:raise_request() -	INFO - *************** Start logging for new request for raise_request method ***************
2017-11-12 17:38:37,798 : summit_app.py:15:raise_request() -	INFO - Request receied with following request body
2017-11-12 17:39:01,078 : summit_app.py:14:raise_request() -	INFO - *************** Start logging for new request for raise_request method ***************
2017-11-12 17:39:01,078 : summit_app.py:15:raise_request() -	INFO - Request receied with following request body
2017-11-12 17:39:01,078 : summit_app.py:16:raise_request() -	INFO - {u'requester': u'paragr'}
2017-11-12 17:39:01,092 : summit_app.py:20:raise_request() -	INFO - *************** end logging for raise_request method ***************
2017-11-12 19:15:08,924 : summit_app.py:16:raise_request() -	INFO - *************** Start logging for new request for raise_request method ***************
2017-11-12 19:15:08,924 : summit_app.py:17:raise_request() -	INFO - Request receied with following request body
2017-11-12 19:15:08,924 : summit_app.py:18:raise_request() -	INFO - {u'requester': u'paragr'}
2017-11-12 19:15:09,144 : summit_app.py:22:raise_request() -	INFO - *************** end logging for raise_request method ***************
2017-11-12 19:15:54,072 : summit_app.py:16:raise_request() -	INFO - *************** Start logging for new request for raise_request method ***************
2017-11-12 19:15:54,072 : summit_app.py:17:raise_request() -	INFO - Request receied with following request body
2017-11-12 19:15:54,072 : summit_app.py:18:raise_request() -	INFO - {u'requester': u'paragr'}
2017-11-12 19:15:54,227 : summit_app.py:22:raise_request() -	INFO - *************** end logging for raise_request method ***************
2017-11-12 19:38:06,131 : summit_app.py:31:request_status() -	INFO - *************** Start logging for new request for request_status method ***************
2017-11-12 19:38:06,131 : summit_app.py:32:request_status() -	INFO - Request receied with following request body
2017-11-12 19:38:06,131 : summit_app.py:33:request_status() -	INFO - {u'request_id': 49}
2017-11-12 19:39:01,278 : summit_app.py:31:request_status() -	INFO - *************** Start logging for new request for request_status method ***************
2017-11-12 19:39:01,278 : summit_app.py:32:request_status() -	INFO - Request receied with following request body
2017-11-12 19:39:01,278 : summit_app.py:33:request_status() -	INFO - {u'request_id': u'49'}
2017-11-12 19:40:58,809 : summit_app.py:31:request_status() -	INFO - *************** Start logging for new request for request_status method ***************
2017-11-12 19:40:58,809 : summit_app.py:32:request_status() -	INFO - Request receied with following request body
2017-11-12 19:40:58,809 : summit_app.py:33:request_status() -	INFO - {u'request_id': u'49'}
2017-11-12 19:42:53,530 : summit_app.py:31:request_status() -	INFO - *************** Start logging for new request for request_status method ***************
2017-11-12 19:42:53,530 : summit_app.py:32:request_status() -	INFO - Request receied with following request body
2017-11-12 19:42:53,530 : summit_app.py:33:request_status() -	INFO - {u'request_id': u'49'}
2017-11-12 19:42:53,530 : summit_app.py:37:request_status() -	INFO - *************** end logging for request_status method ***************
2017-11-12 19:43:27,321 : summit_app.py:31:request_status() -	INFO - *************** Start logging for new request for request_status method ***************
2017-11-12 19:43:27,321 : summit_app.py:32:request_status() -	INFO - Request receied with following request body
2017-11-12 19:43:27,321 : summit_app.py:33:request_status() -	INFO - {u'request_id': u'49'}
2017-11-12 19:45:01,779 : summit_app.py:31:request_status() -	INFO - *************** Start logging for new request for request_status method ***************
2017-11-12 19:45:01,779 : summit_app.py:32:request_status() -	INFO - Request receied with following request body
2017-11-12 19:45:01,779 : summit_app.py:33:request_status() -	INFO - {u'request_id': u'49'}
2017-11-12 19:45:01,779 : summit_app.py:37:request_status() -	INFO - *************** end logging for request_status method ***************
2017-11-12 19:45:21,415 : summit_app.py:31:request_status() -	INFO - *************** Start logging for new request for request_status method ***************
2017-11-12 19:45:21,415 : summit_app.py:32:request_status() -	INFO - Request receied with following request body
2017-11-12 19:45:21,415 : summit_app.py:33:request_status() -	INFO - {u'request_id': u'49'}
2017-11-12 19:45:21,417 : summit_app.py:37:request_status() -	INFO - *************** end logging for request_status method ***************
2017-11-12 20:18:01,530 : summit_app.py:31:request_status() -	INFO - *************** Start logging for new request for request_status method ***************
2017-11-12 20:18:01,530 : summit_app.py:32:request_status() -	INFO - Request receied with following request body
2017-11-12 20:18:01,532 : summit_app.py:33:request_status() -	INFO - {u'request_id': u'50'}
2017-11-12 20:18:01,532 : summit_app.py:37:request_status() -	INFO - *************** end logging for request_status method ***************
2017-11-12 20:36:59,802 : summit_app.py:46:all_requests() -	INFO - *************** Start logging for new request for request_status method ***************
2017-11-12 20:36:59,802 : summit_app.py:47:all_requests() -	INFO - Request receied with following request body
2017-11-12 20:38:20,210 : summit_app.py:46:all_requests() -	INFO - *************** Start logging for new request for request_status method ***************
2017-11-12 20:38:20,210 : summit_app.py:47:all_requests() -	INFO - Request receied with following request body
2017-11-12 20:41:23,526 : summit_app.py:46:all_requests() -	INFO - *************** Start logging for new request for all_requests method ***************
2017-11-12 20:41:23,528 : summit_app.py:47:all_requests() -	INFO - Request receied with following request body
2017-11-12 20:42:50,118 : summit_app.py:46:all_requests() -	INFO - *************** Start logging for new request for all_requests method ***************
2017-11-12 20:42:50,119 : summit_app.py:47:all_requests() -	INFO - Request receied with following request body
2017-11-12 20:43:36,028 : summit_app.py:46:all_requests() -	INFO - *************** Start logging for new request for all_requests method ***************
2017-11-12 20:43:36,029 : summit_app.py:47:all_requests() -	INFO - Request receied with following request body
2017-11-12 20:43:45,677 : summit_app.py:46:all_requests() -	INFO - *************** Start logging for new request for all_requests method ***************
2017-11-12 20:43:45,678 : summit_app.py:47:all_requests() -	INFO - Request receied with following request body
2017-11-12 20:43:45,678 : summit_app.py:48:all_requests() -	INFO - None
2017-11-12 20:43:45,680 : summit_app.py:51:all_requests() -	INFO - *************** end logging for all_requests method ***************
2017-11-12 20:44:18,328 : summit_app.py:46:all_requests() -	INFO - *************** Start logging for new request for all_requests method ***************
2017-11-12 20:44:18,328 : summit_app.py:47:all_requests() -	INFO - Request receied with following request body
2017-11-12 20:44:18,328 : summit_app.py:48:all_requests() -	INFO - None
2017-11-12 20:44:18,328 : summit_app.py:51:all_requests() -	INFO - *************** end logging for all_requests method ***************
2017-11-12 20:45:45,871 : summit_app.py:46:all_requests() -	INFO - *************** Start logging for new request for all_requests method ***************
2017-11-12 20:45:45,871 : summit_app.py:47:all_requests() -	INFO - Request receied with following request body
2017-11-12 20:45:45,871 : summit_app.py:48:all_requests() -	INFO - None
2017-11-12 20:45:45,874 : summit_app.py:51:all_requests() -	INFO - *************** end logging for all_requests method ***************
2017-11-12 20:58:24,914 : summit_app.py:60:pending_requests() -	INFO - *************** Start logging for new request for pending_requests method ***************
2017-11-12 20:58:24,914 : summit_app.py:61:pending_requests() -	INFO - Request receied with following request body
2017-11-12 20:58:24,915 : summit_app.py:62:pending_requests() -	INFO - None
2017-11-12 20:58:24,917 : summit_app.py:65:pending_requests() -	INFO - *************** end logging for pending_requests method ***************
